<?xml version="1.0" encoding="UTF-8"?>
<testsuite name="ParcelTest" tests="2" skipped="0" failures="0" errors="0" timestamp="2016-04-25T18:40:22" hostname="epicodus-49.local" time="0.001">
  <properties/>
  <testcase name="parcel_parcelShipmentCost_120" classname="ParcelTest" time="0.001"/>
  <testcase name="parcel_parcelVolume_24" classname="ParcelTest" time="0.0"/>
  <system-out><![CDATA[]]></system-out>
  <system-err><![CDATA[]]></system-err>
</testsuite>
